<?xml version="1.0" encoding="UTF-8"?>
<!-- Generated by org.testng.reporters.JUnitReportReporter -->
<testsuite hostname="Nishchay" failures="0" tests="3" name="DynamicJson" time="2.943" errors="0" timestamp="2024-04-13T23:47:35 IST" skipped="0">
  <testcase classname="DynamicJson" name="AddBook" time="0.191"/>
  <system-out/>
  <testcase classname="DynamicJson" name="AddBook" time="2.478"/>
  <system-out/>
  <testcase classname="DynamicJson" name="AddBook" time="0.274"/>
  <system-out/>
</testsuite> <!-- DynamicJson -->
